2022-06-14T21:03:52,802 [INFO ] W-9000-miso_price_1.0-stdout MODEL_LOG - Listening on port: /tmp/.ts.sock.9000
2022-06-14T21:03:52,806 [INFO ] W-9000-miso_price_1.0-stdout MODEL_LOG - [PID]1332
2022-06-14T21:03:52,807 [INFO ] W-9000-miso_price_1.0-stdout MODEL_LOG - Torch worker started.
2022-06-14T21:03:52,807 [INFO ] W-9000-miso_price_1.0-stdout MODEL_LOG - Python runtime: 3.8.12
2022-06-14T21:03:52,826 [INFO ] W-9000-miso_price_1.0-stdout MODEL_LOG - Connection accepted: /tmp/.ts.sock.9000.
2022-06-14T21:03:52,850 [INFO ] W-9000-miso_price_1.0-stdout MODEL_LOG - model_name: miso_price, batchSize: 1
2022-06-14T21:04:02,957 [INFO ] W-9000-miso_price_1.0-stdout MODEL_LOG - Backend received inference at: 1655240642
2022-06-14T21:04:03,009 [INFO ] W-9000-miso_price_1.0-stdout MODEL_LOG - {'hist_future': tensor([[[ 0.9148,  0.7847,  0.6926,  0.7068,  0.7605,  0.8062,  0.9102,
2022-06-14T21:04:03,010 [INFO ] W-9000-miso_price_1.0-stdout MODEL_LOG -            1.1400,  1.3247,  1.5101,  1.4535,  1.4729,  1.2542,  1.1290,
2022-06-14T21:04:03,010 [INFO ] W-9000-miso_price_1.0-stdout MODEL_LOG -            0.9983,  1.0225,  1.0159,  0.9613,  1.0901,  1.2516,  1.3814,
2022-06-14T21:04:03,010 [INFO ] W-9000-miso_price_1.0-stdout MODEL_LOG -            1.3562,  1.3166,  1.3242,  1.2301,  1.2955,  1.3232,  1.3573,
2022-06-14T21:04:03,010 [INFO ] W-9000-miso_price_1.0-stdout MODEL_LOG -            1.2632,  1.2091,  1.0805,  1.2192,  1.3445,  1.4219,  1.5002,
2022-06-14T21:04:03,011 [INFO ] W-9000-miso_price_1.0-stdout MODEL_LOG -            1.4091,  1.3409,  1.3859,  1.1961,  1.0950,  1.1845,  1.0358,
2022-06-14T21:04:03,011 [INFO ] W-9000-miso_price_1.0-stdout MODEL_LOG -            0.9165,  1.2330,  1.4686,  1.6058,  1.6497,  1.7391],
2022-06-14T21:04:03,011 [INFO ] W-9000-miso_price_1.0-stdout MODEL_LOG -          [ 2.8988,  3.0958,  3.2766,  3.0084,  2.0589,  0.8176, -0.4977,
2022-06-14T21:04:03,012 [INFO ] W-9000-miso_price_1.0-stdout MODEL_LOG -           -0.6384, -0.6384, -0.6384, -0.6384, -0.6384, -0.6384, -0.6384,
2022-06-14T21:04:03,012 [INFO ] W-9000-miso_price_1.0-stdout MODEL_LOG -           -0.6384, -0.6370, -0.4755, -0.0193,  0.8058,  1.2517,  1.3953,
2022-06-14T21:04:03,012 [INFO ] W-9000-miso_price_1.0-stdout MODEL_LOG -            1.7227,  1.1554,  2.0649,  2.2974,  1.7657,  1.4220,  0.8695,
2022-06-14T21:04:03,012 [INFO ] W-9000-miso_price_1.0-stdout MODEL_LOG -            0.1940, -0.3318, -0.6133, -0.6384, -0.6384, -0.6384, -0.6384,
2022-06-14T21:04:03,013 [INFO ] W-9000-miso_price_1.0-stdout MODEL_LOG -           -0.6370, -0.6370, -0.6370, -0.6384, -0.6384, -0.5244,  0.3096,
2022-06-14T21:04:03,013 [INFO ] W-9000-miso_price_1.0-stdout MODEL_LOG -            0.7836,  1.3242,  1.0532,  2.4219,  2.2885,  2.5122],
2022-06-14T21:04:03,013 [INFO ] W-9000-miso_price_1.0-stdout MODEL_LOG -          [-0.1101,  0.0983,  0.3125,  0.4328,  0.4475,  0.3986,  0.3117,
2022-06-14T21:04:03,013 [INFO ] W-9000-miso_price_1.0-stdout MODEL_LOG -            0.2639,  0.0191, -0.3066, -0.6353, -0.8515, -1.0578, -1.1511,
2022-06-14T21:04:03,013 [INFO ] W-9000-miso_price_1.0-stdout MODEL_LOG -           -1.2512, -1.2209, -1.1047, -0.9405, -0.5951, -0.2768, -0.0617,
2022-06-14T21:04:03,014 [INFO ] W-9000-miso_price_1.0-stdout MODEL_LOG -            0.1678,  0.3117,  0.4716,  0.6502,  0.8403,  1.0558,  1.2396,
2022-06-14T21:04:03,014 [INFO ] W-9000-miso_price_1.0-stdout MODEL_LOG -            1.2242,  1.0240,  0.7737,  0.5828,  0.1063, -0.3591, -0.7566,
2022-06-14T21:04:03,014 [INFO ] W-9000-miso_price_1.0-stdout MODEL_LOG -           -1.0079, -1.1674, -1.2317, -1.1746, -0.8740, -0.4407, -0.0463,
2022-06-14T21:04:03,014 [INFO ] W-9000-miso_price_1.0-stdout MODEL_LOG -            0.1222,  0.2393,  0.3071,  0.4395,  0.4686,  0.5467]]],
2022-06-14T21:04:03,014 [INFO ] W-9000-miso_price_1.0-stdout MODEL_LOG -        dtype=torch.float64), 'hist': tensor([[[ 55.1800,  49.6200,  57.6700,  76.6200,  90.7900, 127.4200, 102.1000,
2022-06-14T21:04:03,015 [INFO ] W-9000-miso_price_1.0-stdout MODEL_LOG -            53.0900,  27.0200,  27.4000,  21.0500,  11.5700,   4.4300,  19.3600,
2022-06-14T21:04:03,015 [INFO ] W-9000-miso_price_1.0-stdout MODEL_LOG -            25.7900,   6.7800,  -3.0200,   2.7700,  22.9600,  35.2500,  34.9200,
2022-06-14T21:04:03,015 [INFO ] W-9000-miso_price_1.0-stdout MODEL_LOG -            60.0900,  77.0400,  86.6900]]], dtype=torch.float64), 'tabular': tensor([[[0., 0., 0., 0., 0., 0., 0., 0., 0., 0., 0., 0., 0., 0., 0., 0., 0.,
2022-06-14T21:04:03,015 [INFO ] W-9000-miso_price_1.0-stdout MODEL_LOG -           0., 0., 0., 0., 0., 0., 0., 0., 0., 0., 0., 0., 1., 0., 0., 0., 0.,
2022-06-14T21:04:03,015 [INFO ] W-9000-miso_price_1.0-stdout MODEL_LOG -           0., 1., 0., 0., 0., 0., 0., 0., 0., 1., 0., 0., 0., 0., 0., 0., 0.,
2022-06-14T21:04:03,015 [INFO ] W-9000-miso_price_1.0-stdout MODEL_LOG -           0., 0., 0., 0., 0., 0., 0., 0., 0., 0., 0., 0., 0., 1., 0., 0., 0.,
2022-06-14T21:04:03,016 [INFO ] W-9000-miso_price_1.0-stdout MODEL_LOG -           0., 0., 0., 0., 0., 0.]]], dtype=torch.float64)}
2022-06-14T21:04:03,016 [INFO ] W-9000-miso_price_1.0-stdout MODEL_LOG - output
2022-06-14T21:04:03,016 [INFO ] W-9000-miso_price_1.0-stdout MODEL_LOG - [[27.809499273485226, 13.588595800499252, 15.79750489435008, 25.81969817979678, 26.339677748916632, 19.838464931165422, 25.14527827786761, 13.68782167884444, -2.2719748684763474, -10.261731833610172, -9.519573658934425, 6.256155658236176, 22.07796066714964, 24.87484830403816, 37.23950757042801, 38.24615309670137, 37.91410997672055, 41.37139045573412, 49.92014166967215, 47.01758519027874, 34.41066370894843, 26.846391889330782, 30.57306715391087, 24.989463335903086]]
